{"/Users/giuliandrimba/code/retain-ajax/lib/server.js":{"path":"/Users/giuliandrimba/code/retain-ajax/lib/server.js","s":{"1":1,"2":1,"3":1,"4":2},"b":{},"f":{"1":2},"fnMap":{"1":{"name":"(anonymous_1)","line":4,"loc":{"start":{"line":4,"column":17},"end":{"line":5,"column":0}}}},"statementMap":{"1":{"start":{"line":1,"column":0},"end":{"line":1,"column":21}},"2":{"start":{"line":2,"column":0},"end":{"line":2,"column":36}},"3":{"start":{"line":4,"column":0},"end":{"line":8,"column":0}},"4":{"start":{"line":6,"column":2},"end":{"line":6,"column":40}}},"branchMap":{}},"/Users/giuliandrimba/code/retain-ajax/lib/index.js":{"path":"/Users/giuliandrimba/code/retain-ajax/lib/index.js","s":{"1":1,"2":2,"3":2,"4":2,"5":2,"6":2,"7":2,"8":2,"9":1,"10":3,"11":3,"12":3,"13":3,"14":1,"15":3,"16":3,"17":3,"18":3,"19":1,"20":1,"21":1,"22":1,"23":1,"24":1,"25":3,"26":3,"27":3,"28":3,"29":1,"30":3,"31":3,"32":3,"33":3,"34":1,"35":13,"36":4,"37":9,"38":5,"39":9,"40":1,"41":5,"42":15,"43":2},"b":{"1":[4,9],"2":[5,4]},"f":{"1":2,"2":3,"3":3,"4":3,"5":3,"6":1,"7":1,"8":3,"9":3,"10":3,"11":3,"12":13,"13":5},"fnMap":{"1":{"name":"(anonymous_1)","line":1,"loc":{"start":{"line":1,"column":17},"end":{"line":2,"column":0}}},"2":{"name":"_new","line":14,"loc":{"start":{"line":14,"column":2},"end":{"line":15,"column":2}}},"3":{"name":"(anonymous_3)","line":22,"loc":{"start":{"line":22,"column":11},"end":{"line":23,"column":6}}},"4":{"name":"_set","line":30,"loc":{"start":{"line":30,"column":2},"end":{"line":31,"column":2}}},"5":{"name":"(anonymous_5)","line":38,"loc":{"start":{"line":38,"column":11},"end":{"line":39,"column":6}}},"6":{"name":"_find","line":46,"loc":{"start":{"line":46,"column":2},"end":{"line":47,"column":2}}},"7":{"name":"(anonymous_7)","line":53,"loc":{"start":{"line":53,"column":11},"end":{"line":54,"column":6}}},"8":{"name":"_all","line":61,"loc":{"start":{"line":61,"column":2},"end":{"line":62,"column":2}}},"9":{"name":"(anonymous_9)","line":65,"loc":{"start":{"line":65,"column":33},"end":{"line":66,"column":4}}},"10":{"name":"_remove","line":73,"loc":{"start":{"line":73,"column":2},"end":{"line":74,"column":2}}},"11":{"name":"(anonymous_11)","line":79,"loc":{"start":{"line":79,"column":11},"end":{"line":80,"column":6}}},"12":{"name":"_handler","line":87,"loc":{"start":{"line":87,"column":2},"end":{"line":88,"column":2}}},"13":{"name":"_update","line":102,"loc":{"start":{"line":102,"column":2},"end":{"line":103,"column":2}}}},"statementMap":{"1":{"start":{"line":1,"column":0},"end":{"line":112,"column":0}},"2":{"start":{"line":5,"column":2},"end":{"line":7,"column":2}},"3":{"start":{"line":7,"column":2},"end":{"line":8,"column":2}},"4":{"start":{"line":8,"column":2},"end":{"line":8,"column":17}},"5":{"start":{"line":9,"column":2},"end":{"line":9,"column":17}},"6":{"start":{"line":10,"column":2},"end":{"line":10,"column":19}},"7":{"start":{"line":11,"column":2},"end":{"line":11,"column":17}},"8":{"start":{"line":12,"column":2},"end":{"line":12,"column":23}},"9":{"start":{"line":14,"column":2},"end":{"line":28,"column":3}},"10":{"start":{"line":16,"column":4},"end":{"line":16,"column":29}},"11":{"start":{"line":18,"column":4},"end":{"line":25,"column":9}},"12":{"start":{"line":24,"column":8},"end":{"line":24,"column":40}},"13":{"start":{"line":27,"column":4},"end":{"line":27,"column":28}},"14":{"start":{"line":30,"column":2},"end":{"line":44,"column":3}},"15":{"start":{"line":32,"column":4},"end":{"line":32,"column":29}},"16":{"start":{"line":34,"column":4},"end":{"line":41,"column":9}},"17":{"start":{"line":40,"column":8},"end":{"line":40,"column":40}},"18":{"start":{"line":43,"column":4},"end":{"line":43,"column":28}},"19":{"start":{"line":46,"column":2},"end":{"line":59,"column":3}},"20":{"start":{"line":48,"column":4},"end":{"line":48,"column":29}},"21":{"start":{"line":50,"column":4},"end":{"line":56,"column":9}},"22":{"start":{"line":55,"column":8},"end":{"line":55,"column":40}},"23":{"start":{"line":58,"column":4},"end":{"line":58,"column":28}},"24":{"start":{"line":61,"column":2},"end":{"line":71,"column":3}},"25":{"start":{"line":63,"column":4},"end":{"line":63,"column":29}},"26":{"start":{"line":65,"column":4},"end":{"line":68,"column":7}},"27":{"start":{"line":67,"column":6},"end":{"line":67,"column":30}},"28":{"start":{"line":70,"column":4},"end":{"line":70,"column":28}},"29":{"start":{"line":73,"column":2},"end":{"line":85,"column":3}},"30":{"start":{"line":75,"column":4},"end":{"line":75,"column":29}},"31":{"start":{"line":76,"column":4},"end":{"line":82,"column":9}},"32":{"start":{"line":81,"column":8},"end":{"line":81,"column":32}},"33":{"start":{"line":84,"column":4},"end":{"line":84,"column":28}},"34":{"start":{"line":87,"column":2},"end":{"line":100,"column":3}},"35":{"start":{"line":89,"column":4},"end":{"line":99,"column":5}},"36":{"start":{"line":91,"column":6},"end":{"line":91,"column":44}},"37":{"start":{"line":95,"column":6},"end":{"line":96,"column":34}},"38":{"start":{"line":96,"column":8},"end":{"line":96,"column":34}},"39":{"start":{"line":98,"column":6},"end":{"line":98,"column":33}},"40":{"start":{"line":102,"column":2},"end":{"line":108,"column":3}},"41":{"start":{"line":104,"column":4},"end":{"line":107,"column":5}},"42":{"start":{"line":106,"column":6},"end":{"line":106,"column":27}},"43":{"start":{"line":110,"column":2},"end":{"line":110,"column":13}}},"branchMap":{"1":{"line":89,"type":"if","locations":[{"start":{"line":89,"column":4},"end":{"line":89,"column":4}},{"start":{"line":89,"column":4},"end":{"line":89,"column":4}}]},"2":{"line":95,"type":"if","locations":[{"start":{"line":95,"column":6},"end":{"line":95,"column":6}},{"start":{"line":95,"column":6},"end":{"line":95,"column":6}}]}}}}