TN:
SF:/Users/giuliandrimba/code/retain-ajax/lib/server.js
FN:4,(anonymous_1)
FNF:1
FNH:1
FNDA:2,(anonymous_1)
DA:1,1
DA:2,1
DA:4,1
DA:6,2
LF:4
LH:4
BRF:0
BRH:0
end_of_record
TN:
SF:/Users/giuliandrimba/code/retain-ajax/lib/index.js
FN:1,(anonymous_1)
FN:14,_new
FN:22,(anonymous_3)
FN:30,_set
FN:38,(anonymous_5)
FN:46,_find
FN:53,(anonymous_7)
FN:61,_all
FN:65,(anonymous_9)
FN:73,_remove
FN:79,(anonymous_11)
FN:87,_handler
FN:102,_update
FNF:13
FNH:13
FNDA:2,(anonymous_1)
FNDA:3,_new
FNDA:3,(anonymous_3)
FNDA:3,_set
FNDA:3,(anonymous_5)
FNDA:1,_find
FNDA:1,(anonymous_7)
FNDA:3,_all
FNDA:3,(anonymous_9)
FNDA:3,_remove
FNDA:3,(anonymous_11)
FNDA:13,_handler
FNDA:5,_update
DA:1,1
DA:5,2
DA:7,2
DA:8,2
DA:9,2
DA:10,2
DA:11,2
DA:12,2
DA:14,1
DA:16,3
DA:18,3
DA:24,3
DA:27,3
DA:30,1
DA:32,3
DA:34,3
DA:40,3
DA:43,3
DA:46,1
DA:48,1
DA:50,1
DA:55,1
DA:58,1
DA:61,1
DA:63,3
DA:65,3
DA:67,3
DA:70,3
DA:73,1
DA:75,3
DA:76,3
DA:81,3
DA:84,3
DA:87,1
DA:89,13
DA:91,4
DA:95,9
DA:96,5
DA:98,9
DA:102,1
DA:104,5
DA:106,15
DA:110,2
LF:43
LH:43
BRDA:89,1,0,4
BRDA:89,1,1,9
BRDA:95,2,0,5
BRDA:95,2,1,4
BRF:4
BRH:4
end_of_record
